[innovationplans.com/idesign/coco2/colorful.html]
[backblue.gif]
[fade.gif]
[index.html]
[innovationplans.com/idesign/coco2/img/favicon.ico]
[innovationplans.com/idesign/coco2/css/plugins.css]
[innovationplans.com/idesign/coco2/css/style.css]
[innovationplans.com/idesign/coco2/img/logo-light.png]
[innovationplans.com/idesign/coco2/img/2.jpg]
[innovationplans.com/idesign/coco2/img/3.jpg]
[innovationplans.com/idesign/coco2/img/4.jpg]
[innovationplans.com/idesign/coco2/img/5.jpg]
[innovationplans.com/idesign/coco2/img/bg6.jpg]
[innovationplans.com/idesign/coco2/img/arrow.png]
[innovationplans.com/idesign/coco2/img/portfolio/1.jpg]
[innovationplans.com/idesign/coco2/img/portfolio/2.jpg]
[innovationplans.com/idesign/coco2/img/portfolio/3.jpg]
[innovationplans.com/idesign/coco2/img/portfolio/4.jpg]
[innovationplans.com/idesign/coco2/img/portfolio/5.jpg]
[innovationplans.com/idesign/coco2/img/portfolio/6.jpg]
[innovationplans.com/idesign/coco2/img/portfolio/7.jpg]
[innovationplans.com/idesign/coco2/img/portfolio/8.jpg]
[innovationplans.com/idesign/coco2/img/1.jpg]
[innovationplans.com/idesign/coco2/img/team/1.jpg]
[innovationplans.com/idesign/coco2/img/team/2.jpg]
[innovationplans.com/idesign/coco2/img/team/3.jpg]
[innovationplans.com/idesign/coco2/img/team/4.jpg]
[innovationplans.com/idesign/coco2/img/bg4.jpg]
[innovationplans.com/idesign/coco2/img/quot.png]
[innovationplans.com/idesign/coco2/img/clients/1.jpg]
[innovationplans.com/idesign/coco2/img/clients/2.jpg]
[innovationplans.com/idesign/coco2/img/clients/3.jpg]
[innovationplans.com/idesign/coco2/img/clients/4.jpg]
[innovationplans.com/idesign/coco2/img/blog/1.jpg]
[innovationplans.com/idesign/coco2/img/blog/2.jpg]
[innovationplans.com/idesign/coco2/img/blog/3.jpg]
[innovationplans.com/idesign/coco2/img/bg2.jpg]
[innovationplans.com/idesign/coco2/js/jquery-3.0.0.min.js]
[innovationplans.com/idesign/coco2/js/jquery-migrate-3.0.0.min.js]
[innovationplans.com/idesign/coco2/js/popper.min.js]
[innovationplans.com/idesign/coco2/js/bootstrap.min.js]
[innovationplans.com/idesign/coco2/js/scrollIt.min.js]
[innovationplans.com/idesign/coco2/js/jquery.waypoints.min.js]
[innovationplans.com/idesign/coco2/js/owl.carousel.min.js]
[innovationplans.com/idesign/coco2/js/jquery.magnific-popup.min.js]
[innovationplans.com/idesign/coco2/js/jquery.stellar.min.js]
[innovationplans.com/idesign/coco2/js/isotope.pkgd.min.js]
[innovationplans.com/idesign/coco2/js/YouTubePopUp.jquery.js]
[innovationplans.com/idesign/coco2/js/validator.js]
[innovationplans.com/idesign/coco2/js/scripts.js]
[innovationplans.com/idesign/coco2/colorful.html]
[innovationplans.com/idesign/coco2/css/plugins/bootstrap.min.css]
[innovationplans.com/idesign/coco2/css/plugins/animate.min.css]
[innovationplans.com/idesign/coco2/css/plugins/linea-basic.css]
[innovationplans.com/idesign/coco2/css/plugins/fontawesome-all.min.css]
[innovationplans.com/idesign/coco2/css/plugins/YouTubePopUp.css]
[innovationplans.com/idesign/coco2/css/plugins/magnific-popup.css]
[innovationplans.com/idesign/coco2/css/plugins/owl.carousel.min.css]
[innovationplans.com/idesign/coco2/css/plugins/owl.theme.default.min.css]
[innovationplans.com/idesign/coco2/css/plugins/helper.css]
[innovationplans.com/idesign/coco2/css/plugins.css]
[innovationplans.com/idesign/coco2/css/style.css]
[innovationplans.com/idesign/coco2/js/jquery-3.0.0.min.js]
[innovationplans.com/idesign/coco2/js/jquery-migrate-3.0.0.min.js]
[innovationplans.com/idesign/coco2/js/popper.min.js]
[innovationplans.com/idesign/coco2/popper.js]
[www.innovationplans.com/idesign/coco2/popper.3a.delayed]
[innovationplans.com/idesign/coco2/js/bootstrap.min.js]
[innovationplans.com/idesign/coco2/js/scrollIt.min.js]
[innovationplans.com/idesign/coco2/js/jquery.waypoints.min.js]
[innovationplans.com/idesign/coco2/js/owl.carousel.min.js]
[innovationplans.com/idesign/coco2/js/jquery.magnific-popup.min.js]
[innovationplans.com/idesign/coco2/js/jquery.stellar.min.js]
[innovationplans.com/idesign/coco2/js/isotope.pkgd.min.js]
[innovationplans.com/idesign/coco2/js/YouTubePopUp.jquery.js]
[innovationplans.com/idesign/coco2/js/validator.js]
[innovationplans.com/idesign/coco2/img/logo-dark.png]
[innovationplans.com/idesign/coco2/contact.php]
[innovationplans.com/idesign/coco2/js/scripts.js]
[innovationplans.com/idesign/coco2/css/plugins/bootstrap.min.css]
[innovationplans.com/idesign/coco2/css/plugins/animate.min.css]
[innovationplans.com/idesign/coco2/fonts/linea-basic-10.eot]
[innovationplans.com/idesign/coco2/fonts/linea-basic-10.woff]
[innovationplans.com/idesign/coco2/fonts/linea-basic-10d41d.eot]
[innovationplans.com/idesign/coco2/fonts/linea-basic-10.ttf]
[innovationplans.com/idesign/coco2/fonts/linea-basic-10.svg]
[innovationplans.com/idesign/coco2/css/plugins/linea-basic.css]
[innovationplans.com/idesign/coco2/fonts/fa-brands-400.eot]
[innovationplans.com/idesign/coco2/fonts/fa-brands-400.woff2]
[innovationplans.com/idesign/coco2/fonts/fa-brands-400d41d.eot]
[innovationplans.com/idesign/coco2/fonts/fa-brands-400.woff]
[innovationplans.com/idesign/coco2/fonts/fa-brands-400.ttf]
[innovationplans.com/idesign/coco2/fonts/fa-brands-400.svg]
[innovationplans.com/idesign/coco2/fonts/fa-regular-400.eot]
[innovationplans.com/idesign/coco2/fonts/fa-regular-400.woff2]
[innovationplans.com/idesign/coco2/fonts/fa-regular-400d41d.eot]
[innovationplans.com/idesign/coco2/fonts/fa-regular-400.woff]
[innovationplans.com/idesign/coco2/fonts/fa-regular-400.ttf]
[innovationplans.com/idesign/coco2/fonts/fa-regular-400.svg]
[innovationplans.com/idesign/coco2/fonts/fa-solid-900.eot]
[innovationplans.com/idesign/coco2/fonts/fa-solid-900.woff2]
[innovationplans.com/idesign/coco2/fonts/fa-solid-900d41d.eot]
[innovationplans.com/idesign/coco2/fonts/fa-solid-900.woff]
[innovationplans.com/idesign/coco2/fonts/fa-solid-900.ttf]
[innovationplans.com/idesign/coco2/fonts/fa-solid-900.svg]
[innovationplans.com/idesign/coco2/css/plugins/fontawesome-all.min.css]
[innovationplans.com/idesign/coco2/css/plugins/YouTubePopUp.css]
[innovationplans.com/idesign/coco2/css/plugins/magnific-popup.css]
[innovationplans.com/idesign/coco2/css/plugins/owl.carousel.min.css]
[innovationplans.com/idesign/coco2/css/plugins/owl.theme.default.min.css]
[innovationplans.com/idesign/coco2/css/plugins/helper.css]
[innovationplans.com/idesign/coco2/img/wave.svg]
[www.innovationplans.com/idesign/coco2/popper.html]
[www.innovationplans.com/idesign/coco2/css/images/close.html]
[www.innovationplans.com/idesign/coco2/css/plugins/owl.video.play.html]
